{"/root/.openclaw/workspace/portfolio-tracker/frontend/src/App.css": {"path":"/root/.openclaw/workspace/portfolio-tracker/frontend/src/App.css","statementMap":{},"fnMap":{},"branchMap":{},"s":{},"f":{},"b":{},"meta":{"lastBranch":0,"lastFunction":0,"lastStatement":0,"seen":{}}}
,"/root/.openclaw/workspace/portfolio-tracker/frontend/src/App.tsx": {"path":"/root/.openclaw/workspace/portfolio-tracker/frontend/src/App.tsx","statementMap":{"0":{"start":{"line":8,"column":39},"end":{"line":13,"column":null}},"1":{"start":{"line":15,"column":44},"end":{"line":20,"column":null}},"2":{"start":{"line":23,"column":2},"end":{"line":27,"column":null}},"3":{"start":{"line":31,"column":15},"end":{"line":31,"column":null}},"4":{"start":{"line":32,"column":2},"end":{"line":32,"column":null}},"5":{"start":{"line":36,"column":28},"end":{"line":36,"column":null}},"6":{"start":{"line":37,"column":38},"end":{"line":37,"column":null}},"7":{"start":{"line":38,"column":28},"end":{"line":38,"column":null}},"8":{"start":{"line":39,"column":38},"end":{"line":39,"column":null}},"9":{"start":{"line":40,"column":32},"end":{"line":40,"column":null}},"10":{"start":{"line":41,"column":24},"end":{"line":41,"column":null}},"11":{"start":{"line":43,"column":19},"end":{"line":59,"column":null}},"12":{"start":{"line":44,"column":4},"end":{"line":44,"column":null}},"13":{"start":{"line":45,"column":4},"end":{"line":45,"column":null}},"14":{"start":{"line":46,"column":4},"end":{"line":58,"column":null}},"15":{"start":{"line":47,"column":36},"end":{"line":50,"column":null}},"16":{"start":{"line":51,"column":6},"end":{"line":51,"column":null}},"17":{"start":{"line":52,"column":6},"end":{"line":52,"column":null}},"18":{"start":{"line":54,"column":6},"end":{"line":54,"column":null}},"19":{"start":{"line":55,"column":6},"end":{"line":55,"column":null}},"20":{"start":{"line":57,"column":6},"end":{"line":57,"column":null}},"21":{"start":{"line":61,"column":2},"end":{"line":63,"column":null}},"22":{"start":{"line":62,"column":4},"end":{"line":62,"column":null}},"23":{"start":{"line":65,"column":18},"end":{"line":73,"column":null}},"24":{"start":{"line":67,"column":27},"end":{"line":67,"column":32}},"25":{"start":{"line":68,"column":33},"end":{"line":72,"column":10}},"26":{"start":{"line":75,"column":2},"end":{"line":82,"column":null}},"27":{"start":{"line":76,"column":4},"end":{"line":80,"column":null}},"28":{"start":{"line":84,"column":2},"end":{"line":91,"column":null}},"29":{"start":{"line":85,"column":4},"end":{"line":89,"column":null}},"30":{"start":{"line":93,"column":2},"end":{"line":233,"column":null}},"31":{"start":{"line":98,"column":33},"end":{"line":98,"column":null}},"32":{"start":{"line":101,"column":33},"end":{"line":101,"column":null}},"33":{"start":{"line":143,"column":50},"end":{"line":143,"column":null}},"34":{"start":{"line":146,"column":24},"end":{"line":146,"column":null}},"35":{"start":{"line":149,"column":47},"end":{"line":149,"column":56}},"36":{"start":{"line":172,"column":22},"end":{"line":183,"column":null}},"37":{"start":{"line":209,"column":20},"end":{"line":216,"column":null}},"38":{"start":{"line":228,"column":38},"end":{"line":228,"column":62}},"39":{"start":{"line":231,"column":44},"end":{"line":231,"column":65}},"40":{"start":{"line":238,"column":22},"end":{"line":238,"column":null}},"41":{"start":{"line":239,"column":28},"end":{"line":239,"column":null}},"42":{"start":{"line":241,"column":23},"end":{"line":253,"column":null}},"43":{"start":{"line":242,"column":4},"end":{"line":242,"column":null}},"44":{"start":{"line":243,"column":4},"end":{"line":243,"column":null}},"45":{"start":{"line":244,"column":4},"end":{"line":252,"column":null}},"46":{"start":{"line":245,"column":6},"end":{"line":245,"column":null}},"47":{"start":{"line":246,"column":6},"end":{"line":246,"column":null}},"48":{"start":{"line":247,"column":6},"end":{"line":247,"column":null}},"49":{"start":{"line":249,"column":6},"end":{"line":249,"column":null}},"50":{"start":{"line":251,"column":6},"end":{"line":251,"column":null}},"51":{"start":{"line":255,"column":2},"end":{"line":302,"column":null}},"52":{"start":{"line":257,"column":45},"end":{"line":257,"column":null}},"53":{"start":{"line":264,"column":31},"end":{"line":264,"column":null}},"54":{"start":{"line":273,"column":31},"end":{"line":273,"column":null}},"55":{"start":{"line":280,"column":55},"end":{"line":280,"column":null}},"56":{"start":{"line":289,"column":59},"end":{"line":289,"column":null}},"57":{"start":{"line":307,"column":26},"end":{"line":307,"column":null}},"58":{"start":{"line":308,"column":22},"end":{"line":314,"column":null}},"59":{"start":{"line":315,"column":28},"end":{"line":315,"column":null}},"60":{"start":{"line":317,"column":2},"end":{"line":321,"column":null}},"61":{"start":{"line":318,"column":4},"end":{"line":320,"column":null}},"62":{"start":{"line":319,"column":6},"end":{"line":319,"column":null}},"63":{"start":{"line":319,"column":33},"end":{"line":319,"column":93}},"64":{"start":{"line":319,"column":60},"end":{"line":319,"column":91}},"65":{"start":{"line":323,"column":23},"end":{"line":341,"column":null}},"66":{"start":{"line":324,"column":4},"end":{"line":324,"column":null}},"67":{"start":{"line":325,"column":4},"end":{"line":325,"column":null}},"68":{"start":{"line":326,"column":4},"end":{"line":340,"column":null}},"69":{"start":{"line":327,"column":6},"end":{"line":333,"column":null}},"70":{"start":{"line":334,"column":6},"end":{"line":334,"column":null}},"71":{"start":{"line":335,"column":6},"end":{"line":335,"column":null}},"72":{"start":{"line":337,"column":6},"end":{"line":337,"column":null}},"73":{"start":{"line":339,"column":6},"end":{"line":339,"column":null}},"74":{"start":{"line":343,"column":2},"end":{"line":405,"column":null}},"75":{"start":{"line":345,"column":45},"end":{"line":345,"column":null}},"76":{"start":{"line":352,"column":31},"end":{"line":352,"column":null}},"77":{"start":{"line":357,"column":16},"end":{"line":357,"column":null}},"78":{"start":{"line":363,"column":55},"end":{"line":363,"column":null}},"79":{"start":{"line":374,"column":31},"end":{"line":374,"column":null}},"80":{"start":{"line":384,"column":31},"end":{"line":384,"column":null}},"81":{"start":{"line":393,"column":31},"end":{"line":393,"column":null}}},"fnMap":{"0":{"name":"formatCurrency","decl":{"start":{"line":22,"column":9},"end":{"line":22,"column":24}},"loc":{"start":{"line":22,"column":57},"end":{"line":28,"column":null}},"line":22},"1":{"name":"formatPercent","decl":{"start":{"line":30,"column":9},"end":{"line":30,"column":23}},"loc":{"start":{"line":30,"column":38},"end":{"line":33,"column":null}},"line":30},"2":{"name":"App","decl":{"start":{"line":35,"column":9},"end":{"line":35,"column":15}},"loc":{"start":{"line":35,"column":15},"end":{"line":235,"column":null}},"line":35},"3":{"name":"(anonymous_3)","decl":{"start":{"line":43,"column":19},"end":{"line":43,"column":31}},"loc":{"start":{"line":43,"column":31},"end":{"line":59,"column":null}},"line":43},"4":{"name":"(anonymous_4)","decl":{"start":{"line":61,"column":12},"end":{"line":61,"column":18}},"loc":{"start":{"line":61,"column":18},"end":{"line":63,"column":5}},"line":61},"5":{"name":"(anonymous_5)","decl":{"start":{"line":67,"column":16},"end":{"line":67,"column":17}},"loc":{"start":{"line":67,"column":27},"end":{"line":67,"column":32}},"line":67},"6":{"name":"(anonymous_6)","decl":{"start":{"line":68,"column":13},"end":{"line":68,"column":14}},"loc":{"start":{"line":68,"column":33},"end":{"line":72,"column":10}},"line":68},"7":{"name":"(anonymous_7)","decl":{"start":{"line":98,"column":27},"end":{"line":98,"column":33}},"loc":{"start":{"line":98,"column":33},"end":{"line":98,"column":null}},"line":98},"8":{"name":"(anonymous_8)","decl":{"start":{"line":101,"column":27},"end":{"line":101,"column":33}},"loc":{"start":{"line":101,"column":33},"end":{"line":101,"column":null}},"line":101},"9":{"name":"(anonymous_9)","decl":{"start":{"line":143,"column":29},"end":{"line":143,"column":30}},"loc":{"start":{"line":143,"column":50},"end":{"line":143,"column":null}},"line":143},"10":{"name":"(anonymous_10)","decl":{"start":{"line":145,"column":35},"end":{"line":145,"column":36}},"loc":{"start":{"line":146,"column":24},"end":{"line":146,"column":null}},"line":146},"11":{"name":"(anonymous_11)","decl":{"start":{"line":149,"column":40},"end":{"line":149,"column":41}},"loc":{"start":{"line":149,"column":47},"end":{"line":149,"column":56}},"line":149},"12":{"name":"(anonymous_12)","decl":{"start":{"line":171,"column":42},"end":{"line":171,"column":43}},"loc":{"start":{"line":172,"column":22},"end":{"line":183,"column":null}},"line":172},"13":{"name":"(anonymous_13)","decl":{"start":{"line":208,"column":36},"end":{"line":208,"column":37}},"loc":{"start":{"line":209,"column":20},"end":{"line":216,"column":null}},"line":209},"14":{"name":"(anonymous_14)","decl":{"start":{"line":228,"column":32},"end":{"line":228,"column":38}},"loc":{"start":{"line":228,"column":38},"end":{"line":228,"column":62}},"line":228},"15":{"name":"(anonymous_15)","decl":{"start":{"line":231,"column":38},"end":{"line":231,"column":44}},"loc":{"start":{"line":231,"column":44},"end":{"line":231,"column":65}},"line":231},"16":{"name":"AddAssetModal","decl":{"start":{"line":237,"column":9},"end":{"line":237,"column":23}},"loc":{"start":{"line":237,"column":95},"end":{"line":304,"column":null}},"line":237},"17":{"name":"(anonymous_17)","decl":{"start":{"line":241,"column":23},"end":{"line":241,"column":30}},"loc":{"start":{"line":241,"column":53},"end":{"line":253,"column":null}},"line":241},"18":{"name":"(anonymous_18)","decl":{"start":{"line":257,"column":38},"end":{"line":257,"column":39}},"loc":{"start":{"line":257,"column":45},"end":{"line":257,"column":null}},"line":257},"19":{"name":"(anonymous_19)","decl":{"start":{"line":264,"column":24},"end":{"line":264,"column":25}},"loc":{"start":{"line":264,"column":31},"end":{"line":264,"column":null}},"line":264},"20":{"name":"(anonymous_20)","decl":{"start":{"line":273,"column":24},"end":{"line":273,"column":25}},"loc":{"start":{"line":273,"column":31},"end":{"line":273,"column":null}},"line":273},"21":{"name":"(anonymous_21)","decl":{"start":{"line":280,"column":48},"end":{"line":280,"column":49}},"loc":{"start":{"line":280,"column":55},"end":{"line":280,"column":null}},"line":280},"22":{"name":"(anonymous_22)","decl":{"start":{"line":289,"column":52},"end":{"line":289,"column":53}},"loc":{"start":{"line":289,"column":59},"end":{"line":289,"column":null}},"line":289},"23":{"name":"AddTransactionModal","decl":{"start":{"line":306,"column":9},"end":{"line":306,"column":29}},"loc":{"start":{"line":306,"column":101},"end":{"line":407,"column":null}},"line":306},"24":{"name":"(anonymous_24)","decl":{"start":{"line":317,"column":12},"end":{"line":317,"column":18}},"loc":{"start":{"line":317,"column":18},"end":{"line":321,"column":5}},"line":317},"25":{"name":"(anonymous_25)","decl":{"start":{"line":318,"column":37},"end":{"line":318,"column":47}},"loc":{"start":{"line":318,"column":53},"end":{"line":320,"column":5}},"line":318},"26":{"name":"(anonymous_26)","decl":{"start":{"line":319,"column":23},"end":{"line":319,"column":24}},"loc":{"start":{"line":319,"column":33},"end":{"line":319,"column":93}},"line":319},"27":{"name":"(anonymous_27)","decl":{"start":{"line":319,"column":52},"end":{"line":319,"column":53}},"loc":{"start":{"line":319,"column":60},"end":{"line":319,"column":91}},"line":319},"28":{"name":"(anonymous_28)","decl":{"start":{"line":323,"column":23},"end":{"line":323,"column":30}},"loc":{"start":{"line":323,"column":53},"end":{"line":341,"column":null}},"line":323},"29":{"name":"(anonymous_29)","decl":{"start":{"line":345,"column":38},"end":{"line":345,"column":39}},"loc":{"start":{"line":345,"column":45},"end":{"line":345,"column":null}},"line":345},"30":{"name":"(anonymous_30)","decl":{"start":{"line":352,"column":24},"end":{"line":352,"column":25}},"loc":{"start":{"line":352,"column":31},"end":{"line":352,"column":null}},"line":352},"31":{"name":"(anonymous_31)","decl":{"start":{"line":356,"column":26},"end":{"line":356,"column":27}},"loc":{"start":{"line":357,"column":16},"end":{"line":357,"column":null}},"line":357},"32":{"name":"(anonymous_32)","decl":{"start":{"line":363,"column":48},"end":{"line":363,"column":49}},"loc":{"start":{"line":363,"column":55},"end":{"line":363,"column":null}},"line":363},"33":{"name":"(anonymous_33)","decl":{"start":{"line":374,"column":24},"end":{"line":374,"column":25}},"loc":{"start":{"line":374,"column":31},"end":{"line":374,"column":null}},"line":374},"34":{"name":"(anonymous_34)","decl":{"start":{"line":384,"column":24},"end":{"line":384,"column":25}},"loc":{"start":{"line":384,"column":31},"end":{"line":384,"column":null}},"line":384},"35":{"name":"(anonymous_35)","decl":{"start":{"line":393,"column":24},"end":{"line":393,"column":25}},"loc":{"start":{"line":393,"column":31},"end":{"line":393,"column":null}},"line":393}},"branchMap":{"0":{"loc":{"start":{"line":22,"column":39},"end":{"line":22,"column":57}},"type":"default-arg","locations":[{"start":{"line":22,"column":50},"end":{"line":22,"column":57}}],"line":22},"1":{"loc":{"start":{"line":31,"column":15},"end":{"line":31,"column":null}},"type":"cond-expr","locations":[{"start":{"line":31,"column":28},"end":{"line":31,"column":34}},{"start":{"line":31,"column":34},"end":{"line":31,"column":null}}],"line":31},"2":{"loc":{"start":{"line":65,"column":18},"end":{"line":73,"column":null}},"type":"cond-expr","locations":[{"start":{"line":66,"column":6},"end":{"line":72,"column":null}},{"start":{"line":73,"column":6},"end":{"line":73,"column":null}}],"line":65},"3":{"loc":{"start":{"line":69,"column":16},"end":{"line":69,"column":null}},"type":"binary-expr","locations":[{"start":{"line":69,"column":16},"end":{"line":69,"column":37}},{"start":{"line":69,"column":37},"end":{"line":69,"column":null}}],"line":69},"4":{"loc":{"start":{"line":75,"column":2},"end":{"line":82,"column":null}},"type":"if","locations":[{"start":{"line":75,"column":2},"end":{"line":82,"column":null}},{"start":{},"end":{}}],"line":75},"5":{"loc":{"start":{"line":84,"column":2},"end":{"line":91,"column":null}},"type":"if","locations":[{"start":{"line":84,"column":2},"end":{"line":91,"column":null}},{"start":{},"end":{}}],"line":84},"6":{"loc":{"start":{"line":110,"column":7},"end":{"line":224,"column":null}},"type":"binary-expr","locations":[{"start":{"line":110,"column":7},"end":{"line":110,"column":null}},{"start":{"line":111,"column":8},"end":{"line":224,"column":null}}],"line":110},"7":{"loc":{"start":{"line":117,"column":40},"end":{"line":117,"column":87}},"type":"cond-expr","locations":[{"start":{"line":117,"column":64},"end":{"line":117,"column":77}},{"start":{"line":117,"column":77},"end":{"line":117,"column":87}}],"line":117},"8":{"loc":{"start":{"line":120,"column":17},"end":{"line":120,"column":null}},"type":"cond-expr","locations":[{"start":{"line":120,"column":41},"end":{"line":120,"column":68}},{"start":{"line":120,"column":68},"end":{"line":120,"column":null}}],"line":120},"9":{"loc":{"start":{"line":133,"column":15},"end":{"line":153,"column":null}},"type":"cond-expr","locations":[{"start":{"line":134,"column":16},"end":{"line":151,"column":null}},{"start":{"line":153,"column":16},"end":{"line":153,"column":null}}],"line":133},"10":{"loc":{"start":{"line":159,"column":15},"end":{"line":188,"column":null}},"type":"cond-expr","locations":[{"start":{"line":160,"column":16},"end":{"line":186,"column":null}},{"start":{"line":188,"column":16},"end":{"line":188,"column":null}}],"line":159},"11":{"loc":{"start":{"line":178,"column":29},"end":{"line":178,"column":83}},"type":"cond-expr","locations":[{"start":{"line":178,"column":46},"end":{"line":178,"column":79}},{"start":{"line":178,"column":79},"end":{"line":178,"column":83}}],"line":178},"12":{"loc":{"start":{"line":180,"column":39},"end":{"line":180,"column":null}},"type":"cond-expr","locations":[{"start":{"line":180,"column":52},"end":{"line":180,"column":65}},{"start":{"line":180,"column":65},"end":{"line":180,"column":null}}],"line":180},"13":{"loc":{"start":{"line":195,"column":13},"end":{"line":221,"column":null}},"type":"cond-expr","locations":[{"start":{"line":196,"column":14},"end":{"line":219,"column":null}},{"start":{"line":221,"column":14},"end":{"line":221,"column":null}}],"line":195},"14":{"loc":{"start":{"line":227,"column":7},"end":{"line":228,"column":null}},"type":"binary-expr","locations":[{"start":{"line":227,"column":7},"end":{"line":227,"column":null}},{"start":{"line":228,"column":8},"end":{"line":228,"column":null}}],"line":227},"15":{"loc":{"start":{"line":230,"column":7},"end":{"line":231,"column":null}},"type":"binary-expr","locations":[{"start":{"line":230,"column":7},"end":{"line":230,"column":null}},{"start":{"line":231,"column":8},"end":{"line":231,"column":null}}],"line":230},"16":{"loc":{"start":{"line":297,"column":15},"end":{"line":297,"column":null}},"type":"cond-expr","locations":[{"start":{"line":297,"column":25},"end":{"line":297,"column":39}},{"start":{"line":297,"column":39},"end":{"line":297,"column":null}}],"line":297},"17":{"loc":{"start":{"line":400,"column":15},"end":{"line":400,"column":null}},"type":"cond-expr","locations":[{"start":{"line":400,"column":25},"end":{"line":400,"column":39}},{"start":{"line":400,"column":39},"end":{"line":400,"column":null}}],"line":400}},"s":{"0":1,"1":1,"2":0,"3":0,"4":0,"5":0,"6":0,"7":0,"8":0,"9":0,"10":0,"11":0,"12":0,"13":0,"14":0,"15":0,"16":0,"17":0,"18":0,"19":0,"20":0,"21":0,"22":0,"23":0,"24":0,"25":0,"26":0,"27":0,"28":0,"29":0,"30":0,"31":0,"32":0,"33":0,"34":0,"35":0,"36":0,"37":0,"38":0,"39":0,"40":0,"41":0,"42":0,"43":0,"44":0,"45":0,"46":0,"47":0,"48":0,"49":0,"50":0,"51":0,"52":0,"53":0,"54":0,"55":0,"56":0,"57":0,"58":0,"59":0,"60":0,"61":0,"62":0,"63":0,"64":0,"65":0,"66":0,"67":0,"68":0,"69":0,"70":0,"71":0,"72":0,"73":0,"74":0,"75":0,"76":0,"77":0,"78":0,"79":0,"80":0,"81":0},"f":{"0":0,"1":0,"2":0,"3":0,"4":0,"5":0,"6":0,"7":0,"8":0,"9":0,"10":0,"11":0,"12":0,"13":0,"14":0,"15":0,"16":0,"17":0,"18":0,"19":0,"20":0,"21":0,"22":0,"23":0,"24":0,"25":0,"26":0,"27":0,"28":0,"29":0,"30":0,"31":0,"32":0,"33":0,"34":0,"35":0},"b":{"0":[0],"1":[0,0],"2":[0,0],"3":[0,0],"4":[0,0],"5":[0,0],"6":[0,0],"7":[0,0],"8":[0,0],"9":[0,0],"10":[0,0],"11":[0,0],"12":[0,0],"13":[0,0],"14":[0,0],"15":[0,0],"16":[0,0],"17":[0,0]},"meta":{"lastBranch":18,"lastFunction":36,"lastStatement":82,"seen":{"s:8:39:13:Infinity":0,"s:15:44:20:Infinity":1,"f:22:9:22:24":0,"b:22:50:22:57":0,"s:23:2:27:Infinity":2,"f:30:9:30:23":1,"s:31:15:31:Infinity":3,"b:31:28:31:34:31:34:31:Infinity":1,"s:32:2:32:Infinity":4,"f:35:9:35:15":2,"s:36:28:36:Infinity":5,"s:37:38:37:Infinity":6,"s:38:28:38:Infinity":7,"s:39:38:39:Infinity":8,"s:40:32:40:Infinity":9,"s:41:24:41:Infinity":10,"s:43:19:59:Infinity":11,"f:43:19:43:31":3,"s:44:4:44:Infinity":12,"s:45:4:45:Infinity":13,"s:46:4:58:Infinity":14,"s:47:36:50:Infinity":15,"s:51:6:51:Infinity":16,"s:52:6:52:Infinity":17,"s:54:6:54:Infinity":18,"s:55:6:55:Infinity":19,"s:57:6:57:Infinity":20,"s:61:2:63:Infinity":21,"f:61:12:61:18":4,"s:62:4:62:Infinity":22,"s:65:18:73:Infinity":23,"b:66:6:72:Infinity:73:6:73:Infinity":2,"f:67:16:67:17":5,"s:67:27:67:32":24,"f:68:13:68:14":6,"s:68:33:72:10":25,"b:69:16:69:37:69:37:69:Infinity":3,"b:75:2:82:Infinity:undefined:undefined:undefined:undefined":4,"s:75:2:82:Infinity":26,"s:76:4:80:Infinity":27,"b:84:2:91:Infinity:undefined:undefined:undefined:undefined":5,"s:84:2:91:Infinity":28,"s:85:4:89:Infinity":29,"s:93:2:233:Infinity":30,"f:98:27:98:33":7,"s:98:33:98:Infinity":31,"f:101:27:101:33":8,"s:101:33:101:Infinity":32,"b:110:7:110:Infinity:111:8:224:Infinity":6,"b:117:64:117:77:117:77:117:87":7,"b:120:41:120:68:120:68:120:Infinity":8,"b:134:16:151:Infinity:153:16:153:Infinity":9,"f:143:29:143:30":9,"s:143:50:143:Infinity":33,"f:145:35:145:36":10,"s:146:24:146:Infinity":34,"f:149:40:149:41":11,"s:149:47:149:56":35,"b:160:16:186:Infinity:188:16:188:Infinity":10,"f:171:42:171:43":12,"s:172:22:183:Infinity":36,"b:178:46:178:79:178:79:178:83":11,"b:180:52:180:65:180:65:180:Infinity":12,"b:196:14:219:Infinity:221:14:221:Infinity":13,"f:208:36:208:37":13,"s:209:20:216:Infinity":37,"b:227:7:227:Infinity:228:8:228:Infinity":14,"f:228:32:228:38":14,"s:228:38:228:62":38,"b:230:7:230:Infinity:231:8:231:Infinity":15,"f:231:38:231:44":15,"s:231:44:231:65":39,"f:237:9:237:23":16,"s:238:22:238:Infinity":40,"s:239:28:239:Infinity":41,"s:241:23:253:Infinity":42,"f:241:23:241:30":17,"s:242:4:242:Infinity":43,"s:243:4:243:Infinity":44,"s:244:4:252:Infinity":45,"s:245:6:245:Infinity":46,"s:246:6:246:Infinity":47,"s:247:6:247:Infinity":48,"s:249:6:249:Infinity":49,"s:251:6:251:Infinity":50,"s:255:2:302:Infinity":51,"f:257:38:257:39":18,"s:257:45:257:Infinity":52,"f:264:24:264:25":19,"s:264:31:264:Infinity":53,"f:273:24:273:25":20,"s:273:31:273:Infinity":54,"f:280:48:280:49":21,"s:280:55:280:Infinity":55,"f:289:52:289:53":22,"s:289:59:289:Infinity":56,"b:297:25:297:39:297:39:297:Infinity":16,"f:306:9:306:29":23,"s:307:26:307:Infinity":57,"s:308:22:314:Infinity":58,"s:315:28:315:Infinity":59,"s:317:2:321:Infinity":60,"f:317:12:317:18":24,"s:318:4:320:Infinity":61,"f:318:37:318:47":25,"s:319:6:319:Infinity":62,"f:319:23:319:24":26,"s:319:33:319:93":63,"f:319:52:319:53":27,"s:319:60:319:91":64,"s:323:23:341:Infinity":65,"f:323:23:323:30":28,"s:324:4:324:Infinity":66,"s:325:4:325:Infinity":67,"s:326:4:340:Infinity":68,"s:327:6:333:Infinity":69,"s:334:6:334:Infinity":70,"s:335:6:335:Infinity":71,"s:337:6:337:Infinity":72,"s:339:6:339:Infinity":73,"s:343:2:405:Infinity":74,"f:345:38:345:39":29,"s:345:45:345:Infinity":75,"f:352:24:352:25":30,"s:352:31:352:Infinity":76,"f:356:26:356:27":31,"s:357:16:357:Infinity":77,"f:363:48:363:49":32,"s:363:55:363:Infinity":78,"f:374:24:374:25":33,"s:374:31:374:Infinity":79,"f:384:24:384:25":34,"s:384:31:384:Infinity":80,"f:393:24:393:25":35,"s:393:31:393:Infinity":81,"b:400:25:400:39:400:39:400:Infinity":17}}}
,"/root/.openclaw/workspace/portfolio-tracker/frontend/src/services/api.ts": {"path":"/root/.openclaw/workspace/portfolio-tracker/frontend/src/services/api.ts","statementMap":{"0":{"start":{"line":4,"column":17},"end":{"line":4,"column":null}},"1":{"start":{"line":6,"column":12},"end":{"line":9,"column":null}},"2":{"start":{"line":12,"column":35},"end":{"line":12,"column":null}},"3":{"start":{"line":12,"column":41},"end":{"line":12,"column":null}},"4":{"start":{"line":12,"column":99},"end":{"line":12,"column":105}},"5":{"start":{"line":15,"column":27},"end":{"line":15,"column":null}},"6":{"start":{"line":15,"column":33},"end":{"line":15,"column":null}},"7":{"start":{"line":15,"column":75},"end":{"line":15,"column":81}},"8":{"start":{"line":16,"column":26},"end":{"line":16,"column":null}},"9":{"start":{"line":16,"column":47},"end":{"line":16,"column":null}},"10":{"start":{"line":16,"column":98},"end":{"line":16,"column":104}},"11":{"start":{"line":19,"column":25},"end":{"line":19,"column":null}},"12":{"start":{"line":19,"column":31},"end":{"line":19,"column":null}},"13":{"start":{"line":19,"column":69},"end":{"line":19,"column":75}},"14":{"start":{"line":20,"column":27},"end":{"line":20,"column":null}},"15":{"start":{"line":20,"column":53},"end":{"line":20,"column":null}},"16":{"start":{"line":20,"column":96},"end":{"line":20,"column":102}},"17":{"start":{"line":21,"column":27},"end":{"line":21,"column":null}},"18":{"start":{"line":21,"column":43},"end":{"line":21,"column":null}},"19":{"start":{"line":24,"column":31},"end":{"line":25,"column":null}},"20":{"start":{"line":25,"column":2},"end":{"line":25,"column":null}},"21":{"start":{"line":25,"column":64},"end":{"line":25,"column":70}},"22":{"start":{"line":26,"column":33},"end":{"line":27,"column":null}},"23":{"start":{"line":27,"column":2},"end":{"line":27,"column":null}},"24":{"start":{"line":27,"column":57},"end":{"line":27,"column":63}},"25":{"start":{"line":28,"column":33},"end":{"line":32,"column":null}},"26":{"start":{"line":29,"column":2},"end":{"line":32,"column":null}},"27":{"start":{"line":30,"column":4},"end":{"line":30,"column":null}},"28":{"start":{"line":31,"column":4},"end":{"line":31,"column":null}},"29":{"start":{"line":35,"column":27},"end":{"line":35,"column":null}},"30":{"start":{"line":35,"column":33},"end":{"line":35,"column":null}},"31":{"start":{"line":35,"column":75},"end":{"line":35,"column":81}},"32":{"start":{"line":36,"column":29},"end":{"line":36,"column":null}},"33":{"start":{"line":36,"column":57},"end":{"line":36,"column":null}},"34":{"start":{"line":36,"column":104},"end":{"line":36,"column":110}}},"fnMap":{"0":{"name":"(anonymous_0)","decl":{"start":{"line":12,"column":35},"end":{"line":12,"column":41}},"loc":{"start":{"line":12,"column":41},"end":{"line":12,"column":null}},"line":12},"1":{"name":"(anonymous_1)","decl":{"start":{"line":12,"column":94},"end":{"line":12,"column":99}},"loc":{"start":{"line":12,"column":99},"end":{"line":12,"column":105}},"line":12},"2":{"name":"(anonymous_2)","decl":{"start":{"line":15,"column":27},"end":{"line":15,"column":33}},"loc":{"start":{"line":15,"column":33},"end":{"line":15,"column":null}},"line":15},"3":{"name":"(anonymous_3)","decl":{"start":{"line":15,"column":70},"end":{"line":15,"column":75}},"loc":{"start":{"line":15,"column":75},"end":{"line":15,"column":81}},"line":15},"4":{"name":"(anonymous_4)","decl":{"start":{"line":16,"column":26},"end":{"line":16,"column":27}},"loc":{"start":{"line":16,"column":47},"end":{"line":16,"column":null}},"line":16},"5":{"name":"(anonymous_5)","decl":{"start":{"line":16,"column":93},"end":{"line":16,"column":98}},"loc":{"start":{"line":16,"column":98},"end":{"line":16,"column":104}},"line":16},"6":{"name":"(anonymous_6)","decl":{"start":{"line":19,"column":25},"end":{"line":19,"column":31}},"loc":{"start":{"line":19,"column":31},"end":{"line":19,"column":null}},"line":19},"7":{"name":"(anonymous_7)","decl":{"start":{"line":19,"column":64},"end":{"line":19,"column":69}},"loc":{"start":{"line":19,"column":69},"end":{"line":19,"column":75}},"line":19},"8":{"name":"(anonymous_8)","decl":{"start":{"line":20,"column":27},"end":{"line":20,"column":28}},"loc":{"start":{"line":20,"column":53},"end":{"line":20,"column":null}},"line":20},"9":{"name":"(anonymous_9)","decl":{"start":{"line":20,"column":91},"end":{"line":20,"column":96}},"loc":{"start":{"line":20,"column":96},"end":{"line":20,"column":102}},"line":20},"10":{"name":"(anonymous_10)","decl":{"start":{"line":21,"column":27},"end":{"line":21,"column":28}},"loc":{"start":{"line":21,"column":43},"end":{"line":21,"column":null}},"line":21},"11":{"name":"(anonymous_11)","decl":{"start":{"line":24,"column":31},"end":{"line":24,"column":32}},"loc":{"start":{"line":25,"column":2},"end":{"line":25,"column":null}},"line":25},"12":{"name":"(anonymous_12)","decl":{"start":{"line":25,"column":59},"end":{"line":25,"column":64}},"loc":{"start":{"line":25,"column":64},"end":{"line":25,"column":70}},"line":25},"13":{"name":"(anonymous_13)","decl":{"start":{"line":26,"column":33},"end":{"line":26,"column":34}},"loc":{"start":{"line":27,"column":2},"end":{"line":27,"column":null}},"line":27},"14":{"name":"(anonymous_14)","decl":{"start":{"line":27,"column":52},"end":{"line":27,"column":57}},"loc":{"start":{"line":27,"column":57},"end":{"line":27,"column":63}},"line":27},"15":{"name":"(anonymous_15)","decl":{"start":{"line":28,"column":33},"end":{"line":28,"column":34}},"loc":{"start":{"line":29,"column":2},"end":{"line":32,"column":null}},"line":29},"16":{"name":"(anonymous_16)","decl":{"start":{"line":29,"column":42},"end":{"line":29,"column":43}},"loc":{"start":{"line":29,"column":60},"end":{"line":32,"column":3}},"line":29},"17":{"name":"(anonymous_17)","decl":{"start":{"line":35,"column":27},"end":{"line":35,"column":33}},"loc":{"start":{"line":35,"column":33},"end":{"line":35,"column":null}},"line":35},"18":{"name":"(anonymous_18)","decl":{"start":{"line":35,"column":70},"end":{"line":35,"column":75}},"loc":{"start":{"line":35,"column":75},"end":{"line":35,"column":81}},"line":35},"19":{"name":"(anonymous_19)","decl":{"start":{"line":36,"column":29},"end":{"line":36,"column":30}},"loc":{"start":{"line":36,"column":57},"end":{"line":36,"column":null}},"line":36},"20":{"name":"(anonymous_20)","decl":{"start":{"line":36,"column":99},"end":{"line":36,"column":104}},"loc":{"start":{"line":36,"column":104},"end":{"line":36,"column":110}},"line":36}},"branchMap":{},"s":{"0":1,"1":1,"2":1,"3":0,"4":0,"5":1,"6":0,"7":0,"8":1,"9":0,"10":0,"11":1,"12":0,"13":0,"14":1,"15":0,"16":0,"17":1,"18":0,"19":1,"20":0,"21":0,"22":1,"23":0,"24":0,"25":1,"26":0,"27":0,"28":0,"29":1,"30":0,"31":0,"32":1,"33":0,"34":0},"f":{"0":0,"1":0,"2":0,"3":0,"4":0,"5":0,"6":0,"7":0,"8":0,"9":0,"10":0,"11":0,"12":0,"13":0,"14":0,"15":0,"16":0,"17":0,"18":0,"19":0,"20":0},"b":{},"meta":{"lastBranch":0,"lastFunction":21,"lastStatement":35,"seen":{"s:4:17:4:Infinity":0,"s:6:12:9:Infinity":1,"s:12:35:12:Infinity":2,"f:12:35:12:41":0,"s:12:41:12:Infinity":3,"f:12:94:12:99":1,"s:12:99:12:105":4,"s:15:27:15:Infinity":5,"f:15:27:15:33":2,"s:15:33:15:Infinity":6,"f:15:70:15:75":3,"s:15:75:15:81":7,"s:16:26:16:Infinity":8,"f:16:26:16:27":4,"s:16:47:16:Infinity":9,"f:16:93:16:98":5,"s:16:98:16:104":10,"s:19:25:19:Infinity":11,"f:19:25:19:31":6,"s:19:31:19:Infinity":12,"f:19:64:19:69":7,"s:19:69:19:75":13,"s:20:27:20:Infinity":14,"f:20:27:20:28":8,"s:20:53:20:Infinity":15,"f:20:91:20:96":9,"s:20:96:20:102":16,"s:21:27:21:Infinity":17,"f:21:27:21:28":10,"s:21:43:21:Infinity":18,"s:24:31:25:Infinity":19,"f:24:31:24:32":11,"s:25:2:25:Infinity":20,"f:25:59:25:64":12,"s:25:64:25:70":21,"s:26:33:27:Infinity":22,"f:26:33:26:34":13,"s:27:2:27:Infinity":23,"f:27:52:27:57":14,"s:27:57:27:63":24,"s:28:33:32:Infinity":25,"f:28:33:28:34":15,"s:29:2:32:Infinity":26,"f:29:42:29:43":16,"s:30:4:30:Infinity":27,"s:31:4:31:Infinity":28,"s:35:27:35:Infinity":29,"f:35:27:35:33":17,"s:35:33:35:Infinity":30,"f:35:70:35:75":18,"s:35:75:35:81":31,"s:36:29:36:Infinity":32,"f:36:29:36:30":19,"s:36:57:36:Infinity":33,"f:36:99:36:104":20,"s:36:104:36:110":34}}}
,"/root/.openclaw/workspace/portfolio-tracker/frontend/src/types/index.ts": {"path":"/root/.openclaw/workspace/portfolio-tracker/frontend/src/types/index.ts","statementMap":{},"fnMap":{},"branchMap":{},"s":{},"f":{},"b":{},"meta":{"lastBranch":0,"lastFunction":0,"lastStatement":0,"seen":{}}}
}
