{"/root/.openclaw/workspace/portfolio-tracker/backend/src/db/index.ts": {"path":"/root/.openclaw/workspace/portfolio-tracker/backend/src/db/index.ts","statementMap":{"0":{"start":{"line":6,"column":18},"end":{"line":6,"column":null}},"1":{"start":{"line":7,"column":15},"end":{"line":7,"column":null}},"2":{"start":{"line":12,"column":14},"end":{"line":12,"column":null}},"3":{"start":{"line":15,"column":2},"end":{"line":22,"column":null}},"4":{"start":{"line":16,"column":4},"end":{"line":16,"column":null}},"5":{"start":{"line":17,"column":2},"end":{"line":22,"column":null}},"6":{"start":{"line":18,"column":19},"end":{"line":18,"column":null}},"7":{"start":{"line":19,"column":4},"end":{"line":19,"column":null}},"8":{"start":{"line":21,"column":4},"end":{"line":21,"column":null}},"9":{"start":{"line":25,"column":2},"end":{"line":73,"column":null}},"10":{"start":{"line":75,"column":2},"end":{"line":75,"column":null}},"11":{"start":{"line":76,"column":2},"end":{"line":76,"column":null}},"12":{"start":{"line":80,"column":2},"end":{"line":80,"column":null}},"13":{"start":{"line":80,"column":11},"end":{"line":80,"column":null}},"14":{"start":{"line":81,"column":2},"end":{"line":81,"column":null}},"15":{"start":{"line":85,"column":2},"end":{"line":85,"column":null}},"16":{"start":{"line":85,"column":11},"end":{"line":85,"column":null}},"17":{"start":{"line":87,"column":2},"end":{"line":87,"column":null}},"18":{"start":{"line":87,"column":26},"end":{"line":87,"column":null}},"19":{"start":{"line":89,"column":15},"end":{"line":89,"column":null}},"20":{"start":{"line":90,"column":17},"end":{"line":90,"column":null}},"21":{"start":{"line":91,"column":2},"end":{"line":91,"column":null}},"22":{"start":{"line":92,"column":2},"end":{"line":92,"column":null}},"23":{"start":{"line":97,"column":15},"end":{"line":97,"column":null}},"24":{"start":{"line":98,"column":2},"end":{"line":98,"column":null}},"25":{"start":{"line":99,"column":23},"end":{"line":99,"column":null}},"26":{"start":{"line":100,"column":2},"end":{"line":102,"column":null}},"27":{"start":{"line":101,"column":4},"end":{"line":101,"column":null}},"28":{"start":{"line":103,"column":2},"end":{"line":103,"column":null}},"29":{"start":{"line":104,"column":2},"end":{"line":104,"column":null}},"30":{"start":{"line":108,"column":2},"end":{"line":108,"column":null}},"31":{"start":{"line":109,"column":2},"end":{"line":109,"column":null}},"32":{"start":{"line":113,"column":17},"end":{"line":113,"column":null}},"33":{"start":{"line":114,"column":2},"end":{"line":114,"column":null}}},"fnMap":{"0":{"name":"initDB","decl":{"start":{"line":11,"column":22},"end":{"line":11,"column":29}},"loc":{"start":{"line":11,"column":71},"end":{"line":77,"column":null}},"line":11},"1":{"name":"getDB","decl":{"start":{"line":79,"column":16},"end":{"line":79,"column":39}},"loc":{"start":{"line":79,"column":39},"end":{"line":82,"column":null}},"line":79},"2":{"name":"saveDB","decl":{"start":{"line":84,"column":16},"end":{"line":84,"column":25}},"loc":{"start":{"line":84,"column":25},"end":{"line":93,"column":null}},"line":84},"3":{"name":"query","decl":{"start":{"line":96,"column":16},"end":{"line":96,"column":31}},"loc":{"start":{"line":96,"column":69},"end":{"line":105,"column":null}},"line":96},"4":{"name":"run","decl":{"start":{"line":107,"column":16},"end":{"line":107,"column":20}},"loc":{"start":{"line":107,"column":61},"end":{"line":110,"column":null}},"line":107},"5":{"name":"lastInsertId","decl":{"start":{"line":112,"column":16},"end":{"line":112,"column":39}},"loc":{"start":{"line":112,"column":39},"end":{"line":115,"column":null}},"line":112}},"branchMap":{"0":{"loc":{"start":{"line":11,"column":29},"end":{"line":11,"column":71}},"type":"default-arg","locations":[{"start":{"line":11,"column":40},"end":{"line":11,"column":71}}],"line":11},"1":{"loc":{"start":{"line":15,"column":2},"end":{"line":22,"column":null}},"type":"if","locations":[{"start":{"line":15,"column":2},"end":{"line":22,"column":null}},{"start":{"line":17,"column":2},"end":{"line":22,"column":null}}],"line":15},"2":{"loc":{"start":{"line":17,"column":2},"end":{"line":22,"column":null}},"type":"if","locations":[{"start":{"line":17,"column":2},"end":{"line":22,"column":null}},{"start":{"line":20,"column":9},"end":{"line":22,"column":null}}],"line":17},"3":{"loc":{"start":{"line":80,"column":2},"end":{"line":80,"column":null}},"type":"if","locations":[{"start":{"line":80,"column":2},"end":{"line":80,"column":null}},{"start":{},"end":{}}],"line":80},"4":{"loc":{"start":{"line":85,"column":2},"end":{"line":85,"column":null}},"type":"if","locations":[{"start":{"line":85,"column":2},"end":{"line":85,"column":null}},{"start":{},"end":{}}],"line":85},"5":{"loc":{"start":{"line":87,"column":2},"end":{"line":87,"column":null}},"type":"if","locations":[{"start":{"line":87,"column":2},"end":{"line":87,"column":null}},{"start":{},"end":{}}],"line":87},"6":{"loc":{"start":{"line":96,"column":44},"end":{"line":96,"column":69}},"type":"default-arg","locations":[{"start":{"line":96,"column":60},"end":{"line":96,"column":69}}],"line":96},"7":{"loc":{"start":{"line":107,"column":33},"end":{"line":107,"column":61}},"type":"default-arg","locations":[{"start":{"line":107,"column":49},"end":{"line":107,"column":61}}],"line":107},"8":{"loc":{"start":{"line":114,"column":9},"end":{"line":114,"column":null}},"type":"binary-expr","locations":[{"start":{"line":114,"column":9},"end":{"line":114,"column":48}},{"start":{"line":114,"column":48},"end":{"line":114,"column":null}}],"line":114}},"s":{"0":1,"1":1,"2":1,"3":1,"4":1,"5":0,"6":0,"7":0,"8":0,"9":1,"10":1,"11":1,"12":0,"13":0,"14":0,"15":3,"16":0,"17":3,"18":3,"19":0,"20":0,"21":0,"22":0,"23":8,"24":8,"25":8,"26":8,"27":7,"28":8,"29":8,"30":4,"31":4,"32":2,"33":2},"f":{"0":1,"1":0,"2":3,"3":8,"4":4,"5":2},"b":{"0":[1],"1":[1,0],"2":[0,0],"3":[0,0],"4":[0,3],"5":[3,0],"6":[8],"7":[4],"8":[2,0]},"meta":{"lastBranch":9,"lastFunction":6,"lastStatement":34,"seen":{"s:6:18:6:Infinity":0,"s:7:15:7:Infinity":1,"f:11:22:11:29":0,"b:11:40:11:71":0,"s:12:14:12:Infinity":2,"b:15:2:22:Infinity:17:2:22:Infinity":1,"s:15:2:22:Infinity":3,"s:16:4:16:Infinity":4,"b:17:2:22:Infinity:20:9:22:Infinity":2,"s:17:2:22:Infinity":5,"s:18:19:18:Infinity":6,"s:19:4:19:Infinity":7,"s:21:4:21:Infinity":8,"s:25:2:73:Infinity":9,"s:75:2:75:Infinity":10,"s:76:2:76:Infinity":11,"f:79:16:79:39":1,"b:80:2:80:Infinity:undefined:undefined:undefined:undefined":3,"s:80:2:80:Infinity":12,"s:80:11:80:Infinity":13,"s:81:2:81:Infinity":14,"f:84:16:84:25":2,"b:85:2:85:Infinity:undefined:undefined:undefined:undefined":4,"s:85:2:85:Infinity":15,"s:85:11:85:Infinity":16,"b:87:2:87:Infinity:undefined:undefined:undefined:undefined":5,"s:87:2:87:Infinity":17,"s:87:26:87:Infinity":18,"s:89:15:89:Infinity":19,"s:90:17:90:Infinity":20,"s:91:2:91:Infinity":21,"s:92:2:92:Infinity":22,"f:96:16:96:31":3,"b:96:60:96:69":6,"s:97:15:97:Infinity":23,"s:98:2:98:Infinity":24,"s:99:23:99:Infinity":25,"s:100:2:102:Infinity":26,"s:101:4:101:Infinity":27,"s:103:2:103:Infinity":28,"s:104:2:104:Infinity":29,"f:107:16:107:20":4,"b:107:49:107:61":7,"s:108:2:108:Infinity":30,"s:109:2:109:Infinity":31,"f:112:16:112:39":5,"s:113:17:113:Infinity":32,"s:114:2:114:Infinity":33,"b:114:9:114:48:114:48:114:Infinity":8}}}
,"/root/.openclaw/workspace/portfolio-tracker/backend/src/routes/assets.ts": {"path":"/root/.openclaw/workspace/portfolio-tracker/backend/src/routes/assets.ts","statementMap":{"0":{"start":{"line":5,"column":6},"end":{"line":5,"column":null}},"1":{"start":{"line":8,"column":0},"end":{"line":19,"column":null}},"2":{"start":{"line":9,"column":8},"end":{"line":9,"column":null}},"3":{"start":{"line":11,"column":27},"end":{"line":16,"column":null}},"4":{"start":{"line":13,"column":20},"end":{"line":13,"column":null}},"5":{"start":{"line":14,"column":6},"end":{"line":14,"column":null}},"6":{"start":{"line":18,"column":2},"end":{"line":18,"column":null}},"7":{"start":{"line":22,"column":0},"end":{"line":45,"column":null}},"8":{"start":{"line":23,"column":61},"end":{"line":23,"column":null}},"9":{"start":{"line":25,"column":2},"end":{"line":27,"column":null}},"10":{"start":{"line":26,"column":4},"end":{"line":26,"column":null}},"11":{"start":{"line":29,"column":2},"end":{"line":44,"column":null}},"12":{"start":{"line":30,"column":4},"end":{"line":33,"column":null}},"13":{"start":{"line":34,"column":4},"end":{"line":34,"column":null}},"14":{"start":{"line":36,"column":10},"end":{"line":36,"column":null}},"15":{"start":{"line":37,"column":10},"end":{"line":37,"column":null}},"16":{"start":{"line":38,"column":4},"end":{"line":38,"column":null}},"17":{"start":{"line":40,"column":4},"end":{"line":42,"column":null}},"18":{"start":{"line":41,"column":6},"end":{"line":41,"column":null}},"19":{"start":{"line":43,"column":4},"end":{"line":43,"column":null}},"20":{"start":{"line":48,"column":0},"end":{"line":58,"column":null}},"21":{"start":{"line":49,"column":17},"end":{"line":49,"column":null}},"22":{"start":{"line":50,"column":8},"end":{"line":50,"column":null}},"23":{"start":{"line":52,"column":2},"end":{"line":54,"column":null}},"24":{"start":{"line":53,"column":4},"end":{"line":53,"column":null}},"25":{"start":{"line":56,"column":16},"end":{"line":56,"column":null}},"26":{"start":{"line":57,"column":2},"end":{"line":57,"column":null}},"27":{"start":{"line":61,"column":0},"end":{"line":66,"column":null}},"28":{"start":{"line":62,"column":17},"end":{"line":62,"column":null}},"29":{"start":{"line":63,"column":2},"end":{"line":63,"column":null}},"30":{"start":{"line":64,"column":2},"end":{"line":64,"column":null}},"31":{"start":{"line":65,"column":2},"end":{"line":65,"column":null}}},"fnMap":{"0":{"name":"(anonymous_0)","decl":{"start":{"line":8,"column":16},"end":{"line":8,"column":23}},"loc":{"start":{"line":8,"column":36},"end":{"line":19,"column":1}},"line":8},"1":{"name":"(anonymous_1)","decl":{"start":{"line":12,"column":15},"end":{"line":12,"column":22}},"loc":{"start":{"line":12,"column":37},"end":{"line":15,"column":5}},"line":12},"2":{"name":"(anonymous_2)","decl":{"start":{"line":22,"column":17},"end":{"line":22,"column":18}},"loc":{"start":{"line":22,"column":31},"end":{"line":45,"column":1}},"line":22},"3":{"name":"(anonymous_3)","decl":{"start":{"line":48,"column":25},"end":{"line":48,"column":32}},"loc":{"start":{"line":48,"column":45},"end":{"line":58,"column":1}},"line":48},"4":{"name":"(anonymous_4)","decl":{"start":{"line":61,"column":22},"end":{"line":61,"column":23}},"loc":{"start":{"line":61,"column":36},"end":{"line":66,"column":1}},"line":61}},"branchMap":{"0":{"loc":{"start":{"line":23,"column":40},"end":{"line":23,"column":57}},"type":"default-arg","locations":[{"start":{"line":23,"column":51},"end":{"line":23,"column":57}}],"line":23},"1":{"loc":{"start":{"line":25,"column":2},"end":{"line":27,"column":null}},"type":"if","locations":[{"start":{"line":25,"column":2},"end":{"line":27,"column":null}},{"start":{},"end":{}}],"line":25},"2":{"loc":{"start":{"line":25,"column":6},"end":{"line":25,"column":33}},"type":"binary-expr","locations":[{"start":{"line":25,"column":6},"end":{"line":25,"column":17}},{"start":{"line":25,"column":17},"end":{"line":25,"column":26}},{"start":{"line":25,"column":26},"end":{"line":25,"column":33}}],"line":25},"3":{"loc":{"start":{"line":32,"column":41},"end":{"line":32,"column":59}},"type":"binary-expr","locations":[{"start":{"line":32,"column":41},"end":{"line":32,"column":53}},{"start":{"line":32,"column":53},"end":{"line":32,"column":59}}],"line":32},"4":{"loc":{"start":{"line":40,"column":4},"end":{"line":42,"column":null}},"type":"if","locations":[{"start":{"line":40,"column":4},"end":{"line":42,"column":null}},{"start":{},"end":{}}],"line":40},"5":{"loc":{"start":{"line":52,"column":2},"end":{"line":54,"column":null}},"type":"if","locations":[{"start":{"line":52,"column":2},"end":{"line":54,"column":null}},{"start":{},"end":{}}],"line":52}},"s":{"0":1,"1":1,"2":2,"3":2,"4":2,"5":2,"6":2,"7":1,"8":3,"9":3,"10":1,"11":2,"12":2,"13":3,"14":3,"15":3,"16":3,"17":1,"18":1,"19":0,"20":1,"21":0,"22":0,"23":0,"24":0,"25":0,"26":0,"27":1,"28":0,"29":0,"30":0,"31":0},"f":{"0":2,"1":2,"2":3,"3":0,"4":0},"b":{"0":[3],"1":[1,2],"2":[3,3,2],"3":[2,2],"4":[1,0],"5":[0,0]},"meta":{"lastBranch":6,"lastFunction":5,"lastStatement":32,"seen":{"s:5:6:5:Infinity":0,"s:8:0:19:Infinity":1,"f:8:16:8:23":0,"s:9:8:9:Infinity":2,"s:11:27:16:Infinity":3,"f:12:15:12:22":1,"s:13:20:13:Infinity":4,"s:14:6:14:Infinity":5,"s:18:2:18:Infinity":6,"s:22:0:45:Infinity":7,"f:22:17:22:18":2,"s:23:61:23:Infinity":8,"b:23:51:23:57":0,"b:25:2:27:Infinity:undefined:undefined:undefined:undefined":1,"s:25:2:27:Infinity":9,"b:25:6:25:17:25:17:25:26:25:26:25:33":2,"s:26:4:26:Infinity":10,"s:29:2:44:Infinity":11,"s:30:4:33:Infinity":12,"b:32:41:32:53:32:53:32:59":3,"s:34:4:34:Infinity":13,"s:36:10:36:Infinity":14,"s:37:10:37:Infinity":15,"s:38:4:38:Infinity":16,"b:40:4:42:Infinity:undefined:undefined:undefined:undefined":4,"s:40:4:42:Infinity":17,"s:41:6:41:Infinity":18,"s:43:4:43:Infinity":19,"s:48:0:58:Infinity":20,"f:48:25:48:32":3,"s:49:17:49:Infinity":21,"s:50:8:50:Infinity":22,"b:52:2:54:Infinity:undefined:undefined:undefined:undefined":5,"s:52:2:54:Infinity":23,"s:53:4:53:Infinity":24,"s:56:16:56:Infinity":25,"s:57:2:57:Infinity":26,"s:61:0:66:Infinity":27,"f:61:22:61:23":4,"s:62:17:62:Infinity":28,"s:63:2:63:Infinity":29,"s:64:2:64:Infinity":30,"s:65:2:65:Infinity":31}}}
,"/root/.openclaw/workspace/portfolio-tracker/backend/src/routes/holdings.ts": {"path":"/root/.openclaw/workspace/portfolio-tracker/backend/src/routes/holdings.ts","statementMap":{"0":{"start":{"line":5,"column":6},"end":{"line":5,"column":null}},"1":{"start":{"line":8,"column":0},"end":{"line":45,"column":null}},"2":{"start":{"line":9,"column":8},"end":{"line":15,"column":null}},"3":{"start":{"line":17,"column":17},"end":{"line":17,"column":null}},"4":{"start":{"line":19,"column":28},"end":{"line":42,"column":null}},"5":{"start":{"line":21,"column":27},"end":{"line":21,"column":null}},"6":{"start":{"line":22,"column":27},"end":{"line":22,"column":null}},"7":{"start":{"line":23,"column":24},"end":{"line":23,"column":null}},"8":{"start":{"line":24,"column":18},"end":{"line":24,"column":null}},"9":{"start":{"line":25,"column":25},"end":{"line":25,"column":null}},"10":{"start":{"line":27,"column":21},"end":{"line":27,"column":null}},"11":{"start":{"line":28,"column":6},"end":{"line":30,"column":null}},"12":{"start":{"line":29,"column":8},"end":{"line":29,"column":null}},"13":{"start":{"line":32,"column":6},"end":{"line":40,"column":null}},"14":{"start":{"line":44,"column":2},"end":{"line":44,"column":null}},"15":{"start":{"line":48,"column":0},"end":{"line":81,"column":null}},"16":{"start":{"line":49,"column":22},"end":{"line":49,"column":null}},"17":{"start":{"line":51,"column":8},"end":{"line":56,"column":null}},"18":{"start":{"line":58,"column":2},"end":{"line":60,"column":null}},"19":{"start":{"line":59,"column":4},"end":{"line":59,"column":null}},"20":{"start":{"line":62,"column":23},"end":{"line":62,"column":null}},"21":{"start":{"line":63,"column":23},"end":{"line":63,"column":null}},"22":{"start":{"line":64,"column":20},"end":{"line":64,"column":null}},"23":{"start":{"line":65,"column":14},"end":{"line":65,"column":null}},"24":{"start":{"line":67,"column":8},"end":{"line":70,"column":null}},"25":{"start":{"line":72,"column":2},"end":{"line":80,"column":null}}},"fnMap":{"0":{"name":"(anonymous_0)","decl":{"start":{"line":8,"column":16},"end":{"line":8,"column":23}},"loc":{"start":{"line":8,"column":36},"end":{"line":45,"column":1}},"line":8},"1":{"name":"(anonymous_1)","decl":{"start":{"line":20,"column":17},"end":{"line":20,"column":24}},"loc":{"start":{"line":20,"column":35},"end":{"line":41,"column":5}},"line":20},"2":{"name":"(anonymous_2)","decl":{"start":{"line":48,"column":24},"end":{"line":48,"column":31}},"loc":{"start":{"line":48,"column":44},"end":{"line":81,"column":1}},"line":48}},"branchMap":{"0":{"loc":{"start":{"line":17,"column":17},"end":{"line":17,"column":null}},"type":"binary-expr","locations":[{"start":{"line":17,"column":17},"end":{"line":17,"column":42}},{"start":{"line":17,"column":42},"end":{"line":17,"column":null}}],"line":17},"1":{"loc":{"start":{"line":22,"column":27},"end":{"line":22,"column":null}},"type":"cond-expr","locations":[{"start":{"line":22,"column":42},"end":{"line":22,"column":70}},{"start":{"line":22,"column":70},"end":{"line":22,"column":null}}],"line":22},"2":{"loc":{"start":{"line":24,"column":18},"end":{"line":24,"column":null}},"type":"cond-expr","locations":[{"start":{"line":24,"column":33},"end":{"line":24,"column":60}},{"start":{"line":24,"column":60},"end":{"line":24,"column":null}}],"line":24},"3":{"loc":{"start":{"line":25,"column":25},"end":{"line":25,"column":null}},"type":"cond-expr","locations":[{"start":{"line":25,"column":45},"end":{"line":25,"column":70}},{"start":{"line":25,"column":70},"end":{"line":25,"column":null}}],"line":25},"4":{"loc":{"start":{"line":25,"column":25},"end":{"line":25,"column":45}},"type":"binary-expr","locations":[{"start":{"line":25,"column":25},"end":{"line":25,"column":32}},{"start":{"line":25,"column":32},"end":{"line":25,"column":45}}],"line":25},"5":{"loc":{"start":{"line":28,"column":6},"end":{"line":30,"column":null}},"type":"if","locations":[{"start":{"line":28,"column":6},"end":{"line":30,"column":null}},{"start":{},"end":{}}],"line":28},"6":{"loc":{"start":{"line":28,"column":10},"end":{"line":28,"column":48}},"type":"binary-expr","locations":[{"start":{"line":28,"column":10},"end":{"line":28,"column":34}},{"start":{"line":28,"column":34},"end":{"line":28,"column":48}}],"line":28},"7":{"loc":{"start":{"line":58,"column":2},"end":{"line":60,"column":null}},"type":"if","locations":[{"start":{"line":58,"column":2},"end":{"line":60,"column":null}},{"start":{},"end":{}}],"line":58},"8":{"loc":{"start":{"line":63,"column":23},"end":{"line":63,"column":null}},"type":"cond-expr","locations":[{"start":{"line":63,"column":38},"end":{"line":63,"column":72}},{"start":{"line":63,"column":72},"end":{"line":63,"column":null}}],"line":63},"9":{"loc":{"start":{"line":65,"column":14},"end":{"line":65,"column":null}},"type":"cond-expr","locations":[{"start":{"line":65,"column":29},"end":{"line":65,"column":56}},{"start":{"line":65,"column":56},"end":{"line":65,"column":null}}],"line":65},"10":{"loc":{"start":{"line":78,"column":16},"end":{"line":78,"column":null}},"type":"cond-expr","locations":[{"start":{"line":78,"column":36},"end":{"line":78,"column":61}},{"start":{"line":78,"column":61},"end":{"line":78,"column":null}}],"line":78},"11":{"loc":{"start":{"line":78,"column":16},"end":{"line":78,"column":36}},"type":"binary-expr","locations":[{"start":{"line":78,"column":16},"end":{"line":78,"column":23}},{"start":{"line":78,"column":23},"end":{"line":78,"column":36}}],"line":78}},"s":{"0":1,"1":1,"2":1,"3":1,"4":1,"5":1,"6":1,"7":1,"8":1,"9":1,"10":1,"11":1,"12":0,"13":1,"14":1,"15":1,"16":0,"17":0,"18":0,"19":0,"20":0,"21":0,"22":0,"23":0,"24":0,"25":0},"f":{"0":1,"1":1,"2":0},"b":{"0":[1,0],"1":[1,0],"2":[1,0],"3":[1,0],"4":[1,1],"5":[0,1],"6":[1,0],"7":[0,0],"8":[0,0],"9":[0,0],"10":[0,0],"11":[0,0]},"meta":{"lastBranch":12,"lastFunction":3,"lastStatement":26,"seen":{"s:5:6:5:Infinity":0,"s:8:0:45:Infinity":1,"f:8:16:8:23":0,"s:9:8:15:Infinity":2,"s:17:17:17:Infinity":3,"b:17:17:17:42:17:42:17:Infinity":0,"s:19:28:42:Infinity":4,"f:20:17:20:24":1,"s:21:27:21:Infinity":5,"s:22:27:22:Infinity":6,"b:22:42:22:70:22:70:22:Infinity":1,"s:23:24:23:Infinity":7,"s:24:18:24:Infinity":8,"b:24:33:24:60:24:60:24:Infinity":2,"s:25:25:25:Infinity":9,"b:25:45:25:70:25:70:25:Infinity":3,"b:25:25:25:32:25:32:25:45":4,"s:27:21:27:Infinity":10,"b:28:6:30:Infinity:undefined:undefined:undefined:undefined":5,"s:28:6:30:Infinity":11,"b:28:10:28:34:28:34:28:48":6,"s:29:8:29:Infinity":12,"s:32:6:40:Infinity":13,"s:44:2:44:Infinity":14,"s:48:0:81:Infinity":15,"f:48:24:48:31":2,"s:49:22:49:Infinity":16,"s:51:8:56:Infinity":17,"b:58:2:60:Infinity:undefined:undefined:undefined:undefined":7,"s:58:2:60:Infinity":18,"s:59:4:59:Infinity":19,"s:62:23:62:Infinity":20,"s:63:23:63:Infinity":21,"b:63:38:63:72:63:72:63:Infinity":8,"s:64:20:64:Infinity":22,"s:65:14:65:Infinity":23,"b:65:29:65:56:65:56:65:Infinity":9,"s:67:8:70:Infinity":24,"s:72:2:80:Infinity":25,"b:78:36:78:61:78:61:78:Infinity":10,"b:78:16:78:23:78:23:78:36":11}}}
,"/root/.openclaw/workspace/portfolio-tracker/backend/src/routes/portfolio.ts": {"path":"/root/.openclaw/workspace/portfolio-tracker/backend/src/routes/portfolio.ts","statementMap":{"0":{"start":{"line":5,"column":6},"end":{"line":5,"column":null}},"1":{"start":{"line":8,"column":0},"end":{"line":73,"column":null}},"2":{"start":{"line":9,"column":8},"end":{"line":13,"column":null}},"3":{"start":{"line":15,"column":17},"end":{"line":15,"column":null}},"4":{"start":{"line":17,"column":22},"end":{"line":17,"column":null}},"5":{"start":{"line":18,"column":21},"end":{"line":18,"column":null}},"6":{"start":{"line":19,"column":45},"end":{"line":24,"column":null}},"7":{"start":{"line":26,"column":18},"end":{"line":53,"column":null}},"8":{"start":{"line":28,"column":27},"end":{"line":28,"column":null}},"9":{"start":{"line":29,"column":21},"end":{"line":29,"column":null}},"10":{"start":{"line":30,"column":20},"end":{"line":30,"column":null}},"11":{"start":{"line":32,"column":6},"end":{"line":35,"column":null}},"12":{"start":{"line":33,"column":8},"end":{"line":33,"column":null}},"13":{"start":{"line":34,"column":8},"end":{"line":34,"column":null}},"14":{"start":{"line":37,"column":6},"end":{"line":37,"column":null}},"15":{"start":{"line":38,"column":6},"end":{"line":38,"column":null}},"16":{"start":{"line":39,"column":6},"end":{"line":39,"column":null}},"17":{"start":{"line":41,"column":6},"end":{"line":51,"column":null}},"18":{"start":{"line":55,"column":52},"end":{"line":55,"column":null}},"19":{"start":{"line":56,"column":2},"end":{"line":58,"column":null}},"20":{"start":{"line":57,"column":4},"end":{"line":57,"column":null}},"21":{"start":{"line":60,"column":19},"end":{"line":60,"column":null}},"22":{"start":{"line":61,"column":26},"end":{"line":61,"column":null}},"23":{"start":{"line":63,"column":2},"end":{"line":72,"column":null}}},"fnMap":{"0":{"name":"(anonymous_0)","decl":{"start":{"line":8,"column":23},"end":{"line":8,"column":30}},"loc":{"start":{"line":8,"column":43},"end":{"line":73,"column":1}},"line":8},"1":{"name":"(anonymous_1)","decl":{"start":{"line":27,"column":17},"end":{"line":27,"column":24}},"loc":{"start":{"line":27,"column":35},"end":{"line":52,"column":5}},"line":27}},"branchMap":{"0":{"loc":{"start":{"line":15,"column":17},"end":{"line":15,"column":null}},"type":"binary-expr","locations":[{"start":{"line":15,"column":17},"end":{"line":15,"column":42}},{"start":{"line":15,"column":42},"end":{"line":15,"column":null}}],"line":15},"1":{"loc":{"start":{"line":29,"column":21},"end":{"line":29,"column":null}},"type":"cond-expr","locations":[{"start":{"line":29,"column":36},"end":{"line":29,"column":64}},{"start":{"line":29,"column":64},"end":{"line":29,"column":null}}],"line":29},"2":{"loc":{"start":{"line":32,"column":6},"end":{"line":35,"column":null}},"type":"if","locations":[{"start":{"line":32,"column":6},"end":{"line":35,"column":null}},{"start":{},"end":{}}],"line":32},"3":{"loc":{"start":{"line":39,"column":28},"end":{"line":39,"column":55}},"type":"binary-expr","locations":[{"start":{"line":39,"column":28},"end":{"line":39,"column":50}},{"start":{"line":39,"column":50},"end":{"line":39,"column":55}}],"line":39},"4":{"loc":{"start":{"line":50,"column":20},"end":{"line":50,"column":null}},"type":"cond-expr","locations":[{"start":{"line":50,"column":20},"end":{"line":50,"column":71}},{"start":{"line":50,"column":71},"end":{"line":50,"column":null}}],"line":50},"5":{"loc":{"start":{"line":57,"column":30},"end":{"line":57,"column":null}},"type":"cond-expr","locations":[{"start":{"line":57,"column":47},"end":{"line":57,"column":78}},{"start":{"line":57,"column":78},"end":{"line":57,"column":null}}],"line":57},"6":{"loc":{"start":{"line":61,"column":26},"end":{"line":61,"column":null}},"type":"cond-expr","locations":[{"start":{"line":61,"column":42},"end":{"line":61,"column":75}},{"start":{"line":61,"column":75},"end":{"line":61,"column":null}}],"line":61}},"s":{"0":1,"1":1,"2":1,"3":1,"4":1,"5":1,"6":1,"7":1,"8":1,"9":1,"10":1,"11":1,"12":0,"13":0,"14":1,"15":1,"16":1,"17":1,"18":1,"19":1,"20":4,"21":1,"22":1,"23":1},"f":{"0":1,"1":1},"b":{"0":[1,0],"1":[0,1],"2":[0,1],"3":[1,1],"4":[1,0],"5":[0,4],"6":[1,0]},"meta":{"lastBranch":7,"lastFunction":2,"lastStatement":24,"seen":{"s:5:6:5:Infinity":0,"s:8:0:73:Infinity":1,"f:8:23:8:30":0,"s:9:8:13:Infinity":2,"s:15:17:15:Infinity":3,"b:15:17:15:42:15:42:15:Infinity":0,"s:17:22:17:Infinity":4,"s:18:21:18:Infinity":5,"s:19:45:24:Infinity":6,"s:26:18:53:Infinity":7,"f:27:17:27:24":1,"s:28:27:28:Infinity":8,"s:29:21:29:Infinity":9,"b:29:36:29:64:29:64:29:Infinity":1,"s:30:20:30:Infinity":10,"b:32:6:35:Infinity:undefined:undefined:undefined:undefined":2,"s:32:6:35:Infinity":11,"s:33:8:33:Infinity":12,"s:34:8:34:Infinity":13,"s:37:6:37:Infinity":14,"s:38:6:38:Infinity":15,"s:39:6:39:Infinity":16,"b:39:28:39:50:39:50:39:55":3,"s:41:6:51:Infinity":17,"b:50:20:50:71:50:71:50:Infinity":4,"s:55:52:55:Infinity":18,"s:56:2:58:Infinity":19,"s:57:4:57:Infinity":20,"b:57:47:57:78:57:78:57:Infinity":5,"s:60:19:60:Infinity":21,"s:61:26:61:Infinity":22,"b:61:42:61:75:61:75:61:Infinity":6,"s:63:2:72:Infinity":23}}}
,"/root/.openclaw/workspace/portfolio-tracker/backend/src/routes/transactions.ts": {"path":"/root/.openclaw/workspace/portfolio-tracker/backend/src/routes/transactions.ts","statementMap":{"0":{"start":{"line":4,"column":6},"end":{"line":4,"column":null}},"1":{"start":{"line":7,"column":0},"end":{"line":34,"column":null}},"2":{"start":{"line":8,"column":48},"end":{"line":8,"column":null}},"3":{"start":{"line":10,"column":12},"end":{"line":10,"column":null}},"4":{"start":{"line":18,"column":24},"end":{"line":18,"column":null}},"5":{"start":{"line":20,"column":2},"end":{"line":23,"column":null}},"6":{"start":{"line":21,"column":4},"end":{"line":21,"column":null}},"7":{"start":{"line":22,"column":4},"end":{"line":22,"column":null}},"8":{"start":{"line":24,"column":2},"end":{"line":27,"column":null}},"9":{"start":{"line":25,"column":4},"end":{"line":25,"column":null}},"10":{"start":{"line":26,"column":4},"end":{"line":26,"column":null}},"11":{"start":{"line":29,"column":2},"end":{"line":29,"column":null}},"12":{"start":{"line":30,"column":2},"end":{"line":30,"column":null}},"13":{"start":{"line":32,"column":8},"end":{"line":32,"column":null}},"14":{"start":{"line":33,"column":2},"end":{"line":33,"column":null}},"15":{"start":{"line":37,"column":0},"end":{"line":90,"column":null}},"16":{"start":{"line":38,"column":80},"end":{"line":38,"column":null}},"17":{"start":{"line":40,"column":2},"end":{"line":42,"column":null}},"18":{"start":{"line":41,"column":4},"end":{"line":41,"column":null}},"19":{"start":{"line":45,"column":2},"end":{"line":49,"column":null}},"20":{"start":{"line":50,"column":8},"end":{"line":50,"column":null}},"21":{"start":{"line":53,"column":8},"end":{"line":56,"column":null}},"22":{"start":{"line":58,"column":2},"end":{"line":85,"column":null}},"23":{"start":{"line":59,"column":4},"end":{"line":72,"column":null}},"24":{"start":{"line":60,"column":21},"end":{"line":60,"column":null}},"25":{"start":{"line":61,"column":12},"end":{"line":61,"column":null}},"26":{"start":{"line":62,"column":6},"end":{"line":66,"column":null}},"27":{"start":{"line":68,"column":6},"end":{"line":71,"column":null}},"28":{"start":{"line":73,"column":2},"end":{"line":85,"column":null}},"29":{"start":{"line":74,"column":4},"end":{"line":84,"column":null}},"30":{"start":{"line":75,"column":21},"end":{"line":75,"column":null}},"31":{"start":{"line":76,"column":6},"end":{"line":83,"column":null}},"32":{"start":{"line":77,"column":8},"end":{"line":77,"column":null}},"33":{"start":{"line":79,"column":8},"end":{"line":82,"column":null}},"34":{"start":{"line":87,"column":2},"end":{"line":87,"column":null}},"35":{"start":{"line":88,"column":8},"end":{"line":88,"column":null}},"36":{"start":{"line":89,"column":2},"end":{"line":89,"column":null}},"37":{"start":{"line":93,"column":0},"end":{"line":112,"column":null}},"38":{"start":{"line":94,"column":17},"end":{"line":94,"column":null}},"39":{"start":{"line":95,"column":54},"end":{"line":95,"column":null}},"40":{"start":{"line":97,"column":2},"end":{"line":107,"column":null}},"41":{"start":{"line":108,"column":2},"end":{"line":108,"column":null}},"42":{"start":{"line":110,"column":8},"end":{"line":110,"column":null}},"43":{"start":{"line":111,"column":2},"end":{"line":111,"column":null}},"44":{"start":{"line":115,"column":0},"end":{"line":120,"column":null}},"45":{"start":{"line":116,"column":17},"end":{"line":116,"column":null}},"46":{"start":{"line":117,"column":2},"end":{"line":117,"column":null}},"47":{"start":{"line":118,"column":2},"end":{"line":118,"column":null}},"48":{"start":{"line":119,"column":2},"end":{"line":119,"column":null}}},"fnMap":{"0":{"name":"(anonymous_0)","decl":{"start":{"line":7,"column":16},"end":{"line":7,"column":17}},"loc":{"start":{"line":7,"column":30},"end":{"line":34,"column":1}},"line":7},"1":{"name":"(anonymous_1)","decl":{"start":{"line":37,"column":17},"end":{"line":37,"column":18}},"loc":{"start":{"line":37,"column":31},"end":{"line":90,"column":1}},"line":37},"2":{"name":"(anonymous_2)","decl":{"start":{"line":93,"column":19},"end":{"line":93,"column":20}},"loc":{"start":{"line":93,"column":33},"end":{"line":112,"column":1}},"line":93},"3":{"name":"(anonymous_3)","decl":{"start":{"line":115,"column":22},"end":{"line":115,"column":23}},"loc":{"start":{"line":115,"column":36},"end":{"line":120,"column":1}},"line":115}},"branchMap":{"0":{"loc":{"start":{"line":8,"column":32},"end":{"line":8,"column":44}},"type":"default-arg","locations":[{"start":{"line":8,"column":40},"end":{"line":8,"column":44}}],"line":8},"1":{"loc":{"start":{"line":20,"column":2},"end":{"line":23,"column":null}},"type":"if","locations":[{"start":{"line":20,"column":2},"end":{"line":23,"column":null}},{"start":{},"end":{}}],"line":20},"2":{"loc":{"start":{"line":24,"column":2},"end":{"line":27,"column":null}},"type":"if","locations":[{"start":{"line":24,"column":2},"end":{"line":27,"column":null}},{"start":{},"end":{}}],"line":24},"3":{"loc":{"start":{"line":38,"column":55},"end":{"line":38,"column":64}},"type":"default-arg","locations":[{"start":{"line":38,"column":61},"end":{"line":38,"column":64}}],"line":38},"4":{"loc":{"start":{"line":40,"column":2},"end":{"line":42,"column":null}},"type":"if","locations":[{"start":{"line":40,"column":2},"end":{"line":42,"column":null}},{"start":{},"end":{}}],"line":40},"5":{"loc":{"start":{"line":40,"column":6},"end":{"line":40,"column":58}},"type":"binary-expr","locations":[{"start":{"line":40,"column":6},"end":{"line":40,"column":19}},{"start":{"line":40,"column":19},"end":{"line":40,"column":28}},{"start":{"line":40,"column":28},"end":{"line":40,"column":41}},{"start":{"line":40,"column":41},"end":{"line":40,"column":51}},{"start":{"line":40,"column":51},"end":{"line":40,"column":58}}],"line":40},"6":{"loc":{"start":{"line":48,"column":15},"end":{"line":48,"column":35}},"type":"binary-expr","locations":[{"start":{"line":48,"column":15},"end":{"line":48,"column":29}},{"start":{"line":48,"column":29},"end":{"line":48,"column":35}}],"line":48},"7":{"loc":{"start":{"line":48,"column":69},"end":{"line":48,"column":82}},"type":"binary-expr","locations":[{"start":{"line":48,"column":69},"end":{"line":48,"column":78}},{"start":{"line":48,"column":78},"end":{"line":48,"column":82}}],"line":48},"8":{"loc":{"start":{"line":55,"column":15},"end":{"line":55,"column":35}},"type":"binary-expr","locations":[{"start":{"line":55,"column":15},"end":{"line":55,"column":29}},{"start":{"line":55,"column":29},"end":{"line":55,"column":35}}],"line":55},"9":{"loc":{"start":{"line":55,"column":35},"end":{"line":55,"column":53}},"type":"binary-expr","locations":[{"start":{"line":55,"column":35},"end":{"line":55,"column":49}},{"start":{"line":55,"column":49},"end":{"line":55,"column":53}}],"line":55},"10":{"loc":{"start":{"line":58,"column":2},"end":{"line":85,"column":null}},"type":"if","locations":[{"start":{"line":58,"column":2},"end":{"line":85,"column":null}},{"start":{"line":73,"column":2},"end":{"line":85,"column":null}}],"line":58},"11":{"loc":{"start":{"line":58,"column":6},"end":{"line":58,"column":48}},"type":"binary-expr","locations":[{"start":{"line":58,"column":6},"end":{"line":58,"column":24}},{"start":{"line":58,"column":24},"end":{"line":58,"column":48}}],"line":58},"12":{"loc":{"start":{"line":59,"column":4},"end":{"line":72,"column":null}},"type":"if","locations":[{"start":{"line":59,"column":4},"end":{"line":72,"column":null}},{"start":{"line":67,"column":11},"end":{"line":72,"column":null}}],"line":59},"13":{"loc":{"start":{"line":70,"column":19},"end":{"line":70,"column":39}},"type":"binary-expr","locations":[{"start":{"line":70,"column":19},"end":{"line":70,"column":33}},{"start":{"line":70,"column":33},"end":{"line":70,"column":39}}],"line":70},"14":{"loc":{"start":{"line":73,"column":2},"end":{"line":85,"column":null}},"type":"if","locations":[{"start":{"line":73,"column":2},"end":{"line":85,"column":null}},{"start":{},"end":{}}],"line":73},"15":{"loc":{"start":{"line":73,"column":13},"end":{"line":73,"column":57}},"type":"binary-expr","locations":[{"start":{"line":73,"column":13},"end":{"line":73,"column":32}},{"start":{"line":73,"column":32},"end":{"line":73,"column":57}}],"line":73},"16":{"loc":{"start":{"line":74,"column":4},"end":{"line":84,"column":null}},"type":"if","locations":[{"start":{"line":74,"column":4},"end":{"line":84,"column":null}},{"start":{},"end":{}}],"line":74},"17":{"loc":{"start":{"line":76,"column":6},"end":{"line":83,"column":null}},"type":"if","locations":[{"start":{"line":76,"column":6},"end":{"line":83,"column":null}},{"start":{"line":78,"column":13},"end":{"line":83,"column":null}}],"line":76}},"s":{"0":1,"1":1,"2":1,"3":1,"4":1,"5":1,"6":0,"7":0,"8":1,"9":0,"10":0,"11":1,"12":1,"13":1,"14":1,"15":1,"16":2,"17":2,"18":1,"19":1,"20":2,"21":2,"22":2,"23":1,"24":0,"25":0,"26":0,"27":1,"28":0,"29":0,"30":0,"31":0,"32":0,"33":0,"34":1,"35":1,"36":1,"37":1,"38":0,"39":0,"40":0,"41":0,"42":0,"43":0,"44":1,"45":0,"46":0,"47":0,"48":0},"f":{"0":1,"1":2,"2":0,"3":0},"b":{"0":[1],"1":[0,1],"2":[0,1],"3":[2],"4":[1,1],"5":[2,1,1,1,1],"6":[1,1],"7":[2,1],"8":[2,1],"9":[2,1],"10":[1,0],"11":[2,0],"12":[0,1],"13":[1,1],"14":[0,0],"15":[0,0],"16":[0,0],"17":[0,0]},"meta":{"lastBranch":18,"lastFunction":4,"lastStatement":49,"seen":{"s:4:6:4:Infinity":0,"s:7:0:34:Infinity":1,"f:7:16:7:17":0,"s:8:48:8:Infinity":2,"b:8:40:8:44":0,"s:10:12:10:Infinity":3,"s:18:24:18:Infinity":4,"b:20:2:23:Infinity:undefined:undefined:undefined:undefined":1,"s:20:2:23:Infinity":5,"s:21:4:21:Infinity":6,"s:22:4:22:Infinity":7,"b:24:2:27:Infinity:undefined:undefined:undefined:undefined":2,"s:24:2:27:Infinity":8,"s:25:4:25:Infinity":9,"s:26:4:26:Infinity":10,"s:29:2:29:Infinity":11,"s:30:2:30:Infinity":12,"s:32:8:32:Infinity":13,"s:33:2:33:Infinity":14,"s:37:0:90:Infinity":15,"f:37:17:37:18":1,"s:38:80:38:Infinity":16,"b:38:61:38:64":3,"b:40:2:42:Infinity:undefined:undefined:undefined:undefined":4,"s:40:2:42:Infinity":17,"b:40:6:40:19:40:19:40:28:40:28:40:41:40:41:40:51:40:51:40:58":5,"s:41:4:41:Infinity":18,"s:45:2:49:Infinity":19,"b:48:15:48:29:48:29:48:35":6,"b:48:69:48:78:48:78:48:82":7,"s:50:8:50:Infinity":20,"s:53:8:56:Infinity":21,"b:55:15:55:29:55:29:55:35":8,"b:55:35:55:49:55:49:55:53":9,"b:58:2:85:Infinity:73:2:85:Infinity":10,"s:58:2:85:Infinity":22,"b:58:6:58:24:58:24:58:48":11,"b:59:4:72:Infinity:67:11:72:Infinity":12,"s:59:4:72:Infinity":23,"s:60:21:60:Infinity":24,"s:61:12:61:Infinity":25,"s:62:6:66:Infinity":26,"s:68:6:71:Infinity":27,"b:70:19:70:33:70:33:70:39":13,"b:73:2:85:Infinity:undefined:undefined:undefined:undefined":14,"s:73:2:85:Infinity":28,"b:73:13:73:32:73:32:73:57":15,"b:74:4:84:Infinity:undefined:undefined:undefined:undefined":16,"s:74:4:84:Infinity":29,"s:75:21:75:Infinity":30,"b:76:6:83:Infinity:78:13:83:Infinity":17,"s:76:6:83:Infinity":31,"s:77:8:77:Infinity":32,"s:79:8:82:Infinity":33,"s:87:2:87:Infinity":34,"s:88:8:88:Infinity":35,"s:89:2:89:Infinity":36,"s:93:0:112:Infinity":37,"f:93:19:93:20":2,"s:94:17:94:Infinity":38,"s:95:54:95:Infinity":39,"s:97:2:107:Infinity":40,"s:108:2:108:Infinity":41,"s:110:8:110:Infinity":42,"s:111:2:111:Infinity":43,"s:115:0:120:Infinity":44,"f:115:22:115:23":3,"s:116:17:116:Infinity":45,"s:117:2:117:Infinity":46,"s:118:2:118:Infinity":47,"s:119:2:119:Infinity":48}}}
,"/root/.openclaw/workspace/portfolio-tracker/backend/src/services/priceService.ts": {"path":"/root/.openclaw/workspace/portfolio-tracker/backend/src/services/priceService.ts","statementMap":{"0":{"start":{"line":5,"column":2},"end":{"line":24,"column":null}},"1":{"start":{"line":6,"column":44},"end":{"line":14,"column":null}},"2":{"start":{"line":16,"column":19},"end":{"line":16,"column":null}},"3":{"start":{"line":17,"column":21},"end":{"line":19,"column":null}},"4":{"start":{"line":20,"column":4},"end":{"line":20,"column":null}},"5":{"start":{"line":22,"column":4},"end":{"line":22,"column":null}},"6":{"start":{"line":23,"column":4},"end":{"line":23,"column":null}},"7":{"start":{"line":29,"column":2},"end":{"line":38,"column":null}},"8":{"start":{"line":30,"column":21},"end":{"line":32,"column":null}},"9":{"start":{"line":33,"column":19},"end":{"line":33,"column":null}},"10":{"start":{"line":34,"column":4},"end":{"line":34,"column":null}},"11":{"start":{"line":36,"column":4},"end":{"line":36,"column":null}},"12":{"start":{"line":37,"column":4},"end":{"line":37,"column":null}},"13":{"start":{"line":43,"column":2},"end":{"line":63,"column":null}},"14":{"start":{"line":45,"column":17},"end":{"line":45,"column":null}},"15":{"start":{"line":46,"column":4},"end":{"line":48,"column":null}},"16":{"start":{"line":47,"column":6},"end":{"line":47,"column":null}},"17":{"start":{"line":49,"column":21},"end":{"line":52,"column":null}},"18":{"start":{"line":53,"column":17},"end":{"line":53,"column":null}},"19":{"start":{"line":54,"column":18},"end":{"line":54,"column":null}},"20":{"start":{"line":55,"column":4},"end":{"line":58,"column":null}},"21":{"start":{"line":56,"column":20},"end":{"line":56,"column":null}},"22":{"start":{"line":57,"column":6},"end":{"line":57,"column":null}},"23":{"start":{"line":59,"column":4},"end":{"line":59,"column":null}},"24":{"start":{"line":61,"column":4},"end":{"line":61,"column":null}},"25":{"start":{"line":62,"column":4},"end":{"line":62,"column":null}},"26":{"start":{"line":68,"column":2},"end":{"line":81,"column":null}},"27":{"start":{"line":70,"column":21},"end":{"line":70,"column":null}},"28":{"start":{"line":71,"column":4},"end":{"line":71,"column":null}},"29":{"start":{"line":73,"column":4},"end":{"line":73,"column":null}},"30":{"start":{"line":75,"column":4},"end":{"line":80,"column":null}},"31":{"start":{"line":76,"column":18},"end":{"line":76,"column":null}},"32":{"start":{"line":77,"column":6},"end":{"line":77,"column":null}},"33":{"start":{"line":79,"column":6},"end":{"line":79,"column":null}},"34":{"start":{"line":86,"column":2},"end":{"line":94,"column":null}},"35":{"start":{"line":87,"column":21},"end":{"line":89,"column":null}},"36":{"start":{"line":90,"column":4},"end":{"line":90,"column":null}},"37":{"start":{"line":92,"column":4},"end":{"line":92,"column":null}},"38":{"start":{"line":93,"column":4},"end":{"line":93,"column":null}},"39":{"start":{"line":99,"column":2},"end":{"line":110,"column":null}},"40":{"start":{"line":101,"column":6},"end":{"line":101,"column":null}},"41":{"start":{"line":103,"column":6},"end":{"line":103,"column":null}},"42":{"start":{"line":105,"column":6},"end":{"line":105,"column":null}},"43":{"start":{"line":107,"column":6},"end":{"line":107,"column":null}},"44":{"start":{"line":109,"column":6},"end":{"line":109,"column":null}}},"fnMap":{"0":{"name":"getCryptoPrice","decl":{"start":{"line":4,"column":22},"end":{"line":4,"column":37}},"loc":{"start":{"line":4,"column":77},"end":{"line":25,"column":null}},"line":4},"1":{"name":"getUSStockPrice","decl":{"start":{"line":28,"column":22},"end":{"line":28,"column":38}},"loc":{"start":{"line":28,"column":78},"end":{"line":39,"column":null}},"line":28},"2":{"name":"getCNStockPrice","decl":{"start":{"line":42,"column":22},"end":{"line":42,"column":38}},"loc":{"start":{"line":42,"column":78},"end":{"line":64,"column":null}},"line":42},"3":{"name":"getGoldPrice","decl":{"start":{"line":67,"column":22},"end":{"line":67,"column":61}},"loc":{"start":{"line":67,"column":61},"end":{"line":82,"column":null}},"line":67},"4":{"name":"getUSDCNYRate","decl":{"start":{"line":85,"column":22},"end":{"line":85,"column":62}},"loc":{"start":{"line":85,"column":62},"end":{"line":95,"column":null}},"line":85},"5":{"name":"getAssetPrice","decl":{"start":{"line":98,"column":22},"end":{"line":98,"column":36}},"loc":{"start":{"line":98,"column":90},"end":{"line":111,"column":null}},"line":98}},"branchMap":{"0":{"loc":{"start":{"line":16,"column":19},"end":{"line":16,"column":null}},"type":"binary-expr","locations":[{"start":{"line":16,"column":19},"end":{"line":16,"column":52}},{"start":{"line":16,"column":52},"end":{"line":16,"column":null}}],"line":16},"1":{"loc":{"start":{"line":20,"column":11},"end":{"line":20,"column":null}},"type":"binary-expr","locations":[{"start":{"line":20,"column":11},"end":{"line":20,"column":41}},{"start":{"line":20,"column":41},"end":{"line":20,"column":null}}],"line":20},"2":{"loc":{"start":{"line":34,"column":11},"end":{"line":34,"column":null}},"type":"binary-expr","locations":[{"start":{"line":34,"column":11},"end":{"line":34,"column":47}},{"start":{"line":34,"column":47},"end":{"line":34,"column":null}}],"line":34},"3":{"loc":{"start":{"line":46,"column":4},"end":{"line":48,"column":null}},"type":"if","locations":[{"start":{"line":46,"column":4},"end":{"line":48,"column":null}},{"start":{},"end":{}}],"line":46},"4":{"loc":{"start":{"line":46,"column":8},"end":{"line":46,"column":58}},"type":"binary-expr","locations":[{"start":{"line":46,"column":8},"end":{"line":46,"column":34}},{"start":{"line":46,"column":34},"end":{"line":46,"column":58}}],"line":46},"5":{"loc":{"start":{"line":55,"column":4},"end":{"line":58,"column":null}},"type":"if","locations":[{"start":{"line":55,"column":4},"end":{"line":58,"column":null}},{"start":{},"end":{}}],"line":55},"6":{"loc":{"start":{"line":57,"column":13},"end":{"line":57,"column":null}},"type":"binary-expr","locations":[{"start":{"line":57,"column":13},"end":{"line":57,"column":37}},{"start":{"line":57,"column":37},"end":{"line":57,"column":null}}],"line":57},"7":{"loc":{"start":{"line":71,"column":11},"end":{"line":71,"column":null}},"type":"binary-expr","locations":[{"start":{"line":71,"column":11},"end":{"line":71,"column":40}},{"start":{"line":71,"column":40},"end":{"line":71,"column":null}}],"line":71},"8":{"loc":{"start":{"line":77,"column":13},"end":{"line":77,"column":null}},"type":"binary-expr","locations":[{"start":{"line":77,"column":13},"end":{"line":77,"column":61}},{"start":{"line":77,"column":61},"end":{"line":77,"column":null}}],"line":77},"9":{"loc":{"start":{"line":90,"column":11},"end":{"line":90,"column":null}},"type":"binary-expr","locations":[{"start":{"line":90,"column":11},"end":{"line":90,"column":72}},{"start":{"line":90,"column":72},"end":{"line":90,"column":null}}],"line":90},"10":{"loc":{"start":{"line":99,"column":2},"end":{"line":110,"column":null}},"type":"switch","locations":[{"start":{"line":100,"column":4},"end":{"line":101,"column":null}},{"start":{"line":102,"column":4},"end":{"line":103,"column":null}},{"start":{"line":104,"column":4},"end":{"line":105,"column":null}},{"start":{"line":106,"column":4},"end":{"line":107,"column":null}},{"start":{"line":108,"column":4},"end":{"line":109,"column":null}}],"line":99}},"s":{"0":4,"1":4,"2":4,"3":4,"4":3,"5":1,"6":1,"7":0,"8":0,"9":0,"10":0,"11":0,"12":0,"13":0,"14":0,"15":0,"16":0,"17":0,"18":0,"19":0,"20":0,"21":0,"22":0,"23":0,"24":0,"25":0,"26":0,"27":0,"28":0,"29":0,"30":0,"31":0,"32":0,"33":0,"34":2,"35":2,"36":2,"37":0,"38":0,"39":4,"40":4,"41":0,"42":0,"43":0,"44":0},"f":{"0":4,"1":0,"2":0,"3":0,"4":2,"5":4},"b":{"0":[4,0],"1":[3,0],"2":[0,0],"3":[0,0],"4":[0,0],"5":[0,0],"6":[0,0],"7":[0,0],"8":[0,0],"9":[2,0],"10":[4,0,0,0,0]},"meta":{"lastBranch":11,"lastFunction":6,"lastStatement":45,"seen":{"f:4:22:4:37":0,"s:5:2:24:Infinity":0,"s:6:44:14:Infinity":1,"s:16:19:16:Infinity":2,"b:16:19:16:52:16:52:16:Infinity":0,"s:17:21:19:Infinity":3,"s:20:4:20:Infinity":4,"b:20:11:20:41:20:41:20:Infinity":1,"s:22:4:22:Infinity":5,"s:23:4:23:Infinity":6,"f:28:22:28:38":1,"s:29:2:38:Infinity":7,"s:30:21:32:Infinity":8,"s:33:19:33:Infinity":9,"s:34:4:34:Infinity":10,"b:34:11:34:47:34:47:34:Infinity":2,"s:36:4:36:Infinity":11,"s:37:4:37:Infinity":12,"f:42:22:42:38":2,"s:43:2:63:Infinity":13,"s:45:17:45:Infinity":14,"b:46:4:48:Infinity:undefined:undefined:undefined:undefined":3,"s:46:4:48:Infinity":15,"b:46:8:46:34:46:34:46:58":4,"s:47:6:47:Infinity":16,"s:49:21:52:Infinity":17,"s:53:17:53:Infinity":18,"s:54:18:54:Infinity":19,"b:55:4:58:Infinity:undefined:undefined:undefined:undefined":5,"s:55:4:58:Infinity":20,"s:56:20:56:Infinity":21,"s:57:6:57:Infinity":22,"b:57:13:57:37:57:37:57:Infinity":6,"s:59:4:59:Infinity":23,"s:61:4:61:Infinity":24,"s:62:4:62:Infinity":25,"f:67:22:67:61":3,"s:68:2:81:Infinity":26,"s:70:21:70:Infinity":27,"s:71:4:71:Infinity":28,"b:71:11:71:40:71:40:71:Infinity":7,"s:73:4:73:Infinity":29,"s:75:4:80:Infinity":30,"s:76:18:76:Infinity":31,"s:77:6:77:Infinity":32,"b:77:13:77:61:77:61:77:Infinity":8,"s:79:6:79:Infinity":33,"f:85:22:85:62":4,"s:86:2:94:Infinity":34,"s:87:21:89:Infinity":35,"s:90:4:90:Infinity":36,"b:90:11:90:72:90:72:90:Infinity":9,"s:92:4:92:Infinity":37,"s:93:4:93:Infinity":38,"f:98:22:98:36":5,"b:100:4:101:Infinity:102:4:103:Infinity:104:4:105:Infinity:106:4:107:Infinity:108:4:109:Infinity":10,"s:99:2:110:Infinity":39,"s:101:6:101:Infinity":40,"s:103:6:103:Infinity":41,"s:105:6:105:Infinity":42,"s:107:6:107:Infinity":43,"s:109:6:109:Infinity":44}}}
}
